# JRE version: OpenJDK Runtime Environment (8.0_76-b03) (build 1.8.0_76-release-b03)
# Java VM: OpenJDK 64-Bit Server VM (25.76-b03 mixed mode windows-amd64 compressed oops)
Heap:
 PSYoungGen      total 453120K, used 155348K [0x00000000e0000000, 0x0000000100000000, 0x0000000100000000)
  eden space 387584K, 40% used [0x00000000e0000000,0x00000000e97b5008,0x00000000f7a80000)
  from space 65536K, 0% used [0x00000000f7a80000,0x00000000f7a80000,0x00000000fba80000)
  to   space 65536K, 0% used [0x00000000fc000000,0x00000000fc000000,0x0000000100000000)
 ParOldGen       total 216064K, used 54045K [0x00000000a0000000, 0x00000000ad300000, 0x00000000e0000000)
  object space 216064K, 25% used [0x00000000a0000000,0x00000000a34c75d0,0x00000000ad300000)
 Metaspace       used 72369K, capacity 75194K, committed 75440K, reserved 1114112K
  class space    used 9271K, capacity 9836K, committed 9904K, reserved 1048576K
GC Heap History (10 events):
Event: 276.121 GC heap before
{Heap before GC invocations=29 (full 4):
 PSYoungGen      total 436736K, used 436719K [0x00000000e0000000, 0x0000000100000000, 0x0000000100000000)
  eden space 384000K, 100% used [0x00000000e0000000,0x00000000f7700000,0x00000000f7700000)
  from space 52736K, 99% used [0x00000000fcc80000,0x00000000ffffbf38,0x0000000100000000)
  to   space 70144K, 0% used [0x00000000f7700000,0x00000000f7700000,0x00000000fbb80000)
 ParOldGen       total 209408K, used 129520K [0x00000000a0000000, 0x00000000acc80000, 0x00000000e0000000)
  object space 209408K, 61% used [0x00000000a0000000,0x00000000a7e7c388,0x00000000acc80000)
 Metaspace       used 70598K, capacity 73180K, committed 73392K, reserved 1114112K
  class space    used 9067K, capacity 9627K, committed 9648K, reserved 1048576K
Event: 276.297 GC heap after
Heap after GC invocations=29 (full 4):
 PSYoungGen      total 454144K, used 22021K [0x00000000e0000000, 0x0000000100000000, 0x0000000100000000)
  eden space 384000K, 0% used [0x00000000e0000000,0x00000000e0000000,0x00000000f7700000)
  from space 70144K, 31% used [0x00000000f7700000,0x00000000f8c81788,0x00000000fbb80000)
  to   space 66560K, 0% used [0x00000000fbf00000,0x00000000fbf00000,0x0000000100000000)
 ParOldGen       total 209408K, used 159375K [0x00000000a0000000, 0x00000000acc80000, 0x00000000e0000000)
  object space 209408K, 76% used [0x00000000a0000000,0x00000000a9ba3eb0,0x00000000acc80000)
 Metaspace       used 70598K, capacity 73180K, committed 73392K, reserved 1114112K
  class space    used 9067K, capacity 9627K, committed 9648K, reserved 1048576K
}
Event: 282.147 GC heap before
{Heap before GC invocations=30 (full 4):
 PSYoungGen      total 454144K, used 405118K [0x00000000e0000000, 0x0000000100000000, 0x0000000100000000)
  eden space 384000K, 99% used [0x00000000e0000000,0x00000000f761e450,0x00000000f7700000)
  from space 70144K, 31% used [0x00000000f7700000,0x00000000f8c81788,0x00000000fbb80000)
  to   space 66560K, 0% used [0x00000000fbf00000,0x00000000fbf00000,0x0000000100000000)
 ParOldGen       total 209408K, used 159375K [0x00000000a0000000, 0x00000000acc80000, 0x00000000e0000000)
  object space 209408K, 76% used [0x00000000a0000000,0x00000000a9ba3eb0,0x00000000acc80000)
 Metaspace       used 71755K, capacity 74390K, committed 74544K, reserved 1114112K
  class space    used 9225K, capacity 9768K, committed 9776K, reserved 1048576K
Event: 282.225 GC heap after
Heap after GC invocations=30 (full 4):
 PSYoungGen      total 448512K, used 7943K [0x00000000e0000000, 0x00000000ffa80000, 0x0000000100000000)
  eden space 387584K, 0% used [0x00000000e0000000,0x00000000e0000000,0x00000000f7a80000)
  from space 60928K, 13% used [0x00000000fbf00000,0x00000000fc6c1fd0,0x00000000ffa80000)
  to   space 65536K, 0% used [0x00000000f7a80000,0x00000000f7a80000,0x00000000fba80000)
 ParOldGen       total 209408K, used 175618K [0x00000000a0000000, 0x00000000acc80000, 0x00000000e0000000)
  object space 209408K, 83% used [0x00000000a0000000,0x00000000aab80ad8,0x00000000acc80000)
 Metaspace       used 71755K, capacity 74390K, committed 74544K, reserved 1114112K
  class space    used 9225K, capacity 9768K, committed 9776K, reserved 1048576K
}
Event: 282.225 GC heap before
{Heap before GC invocations=31 (full 5):
 PSYoungGen      total 448512K, used 7943K [0x00000000e0000000, 0x00000000ffa80000, 0x0000000100000000)
  eden space 387584K, 0% used [0x00000000e0000000,0x00000000e0000000,0x00000000f7a80000)
  from space 60928K, 13% used [0x00000000fbf00000,0x00000000fc6c1fd0,0x00000000ffa80000)
  to   space 65536K, 0% used [0x00000000f7a80000,0x00000000f7a80000,0x00000000fba80000)
 ParOldGen       total 209408K, used 175618K [0x00000000a0000000, 0x00000000acc80000, 0x00000000e0000000)
  object space 209408K, 83% used [0x00000000a0000000,0x00000000aab80ad8,0x00000000acc80000)
 Metaspace       used 71755K, capacity 74390K, committed 74544K, reserved 1114112K
  class space    used 9225K, capacity 9768K, committed 9776K, reserved 1048576K
Event: 283.302 GC heap after
Heap after GC invocations=31 (full 5):
 PSYoungGen      total 448512K, used 0K [0x00000000e0000000, 0x00000000ffa80000, 0x0000000100000000)
  eden space 387584K, 0% used [0x00000000e0000000,0x00000000e0000000,0x00000000f7a80000)
  from space 60928K, 0% used [0x00000000fbf00000,0x00000000fbf00000,0x00000000ffa80000)
  to   space 65536K, 0% used [0x00000000f7a80000,0x00000000f7a80000,0x00000000fba80000)
 ParOldGen       total 216064K, used 85019K [0x00000000a0000000, 0x00000000ad300000, 0x00000000e0000000)
  object space 216064K, 39% used [0x00000000a0000000,0x00000000a5306e88,0x00000000ad300000)
 Metaspace       used 71755K, capacity 74390K, committed 74544K, reserved 1114112K
  class space    used 9225K, capacity 9768K, committed 9776K, reserved 1048576K
}
Event: 290.477 GC heap before
{Heap before GC invocations=32 (full 5):
 PSYoungGen      total 448512K, used 384408K [0x00000000e0000000, 0x00000000ffa80000, 0x0000000100000000)
  eden space 387584K, 99% used [0x00000000e0000000,0x00000000f77661b0,0x00000000f7a80000)
  from space 60928K, 0% used [0x00000000fbf00000,0x00000000fbf00000,0x00000000ffa80000)
  to   space 65536K, 0% used [0x00000000f7a80000,0x00000000f7a80000,0x00000000fba80000)
 ParOldGen       total 216064K, used 85019K [0x00000000a0000000, 0x00000000ad300000, 0x00000000e0000000)
  object space 216064K, 39% used [0x00000000a0000000,0x00000000a5306e88,0x00000000ad300000)
 Metaspace       used 71877K, capacity 74502K, committed 74672K, reserved 1114112K
  class space    used 9240K, capacity 9802K, committed 9904K, reserved 1048576K
Event: 290.494 GC heap after
Heap after GC invocations=32 (full 5):
 PSYoungGen      total 453120K, used 255K [0x00000000e0000000, 0x0000000100000000, 0x0000000100000000)
  eden space 387584K, 0% used [0x00000000e0000000,0x00000000e0000000,0x00000000f7a80000)
  from space 65536K, 0% used [0x00000000f7a80000,0x00000000f7abfcc8,0x00000000fba80000)
  to   space 65536K, 0% used [0x00000000fc000000,0x00000000fc000000,0x0000000100000000)
 ParOldGen       total 216064K, used 85027K [0x00000000a0000000, 0x00000000ad300000, 0x00000000e0000000)
  object space 216064K, 39% used [0x00000000a0000000,0x00000000a5308e88,0x00000000ad300000)
 Metaspace       used 71877K, capacity 74502K, committed 74672K, reserved 1114112K
  class space    used 9240K, capacity 9802K, committed 9904K, reserved 1048576K
}
Event: 290.494 GC heap before
{Heap before GC invocations=33 (full 6):
 PSYoungGen      total 453120K, used 255K [0x00000000e0000000, 0x0000000100000000, 0x0000000100000000)
  eden space 387584K, 0% used [0x00000000e0000000,0x00000000e0000000,0x00000000f7a80000)
  from space 65536K, 0% used [0x00000000f7a80000,0x00000000f7abfcc8,0x00000000fba80000)
  to   space 65536K, 0% used [0x00000000fc000000,0x00000000fc000000,0x0000000100000000)
 ParOldGen       total 216064K, used 85027K [0x00000000a0000000, 0x00000000ad300000, 0x00000000e0000000)
  object space 216064K, 39% used [0x00000000a0000000,0x00000000a5308e88,0x00000000ad300000)
 Metaspace       used 71877K, capacity 74502K, committed 74672K, reserved 1114112K
  class space    used 9240K, capacity 9802K, committed 9904K, reserved 1048576K
Event: 292.016 GC heap after
Heap after GC invocations=33 (full 6):
 PSYoungGen      total 453120K, used 0K [0x00000000e0000000, 0x0000000100000000, 0x0000000100000000)
  eden space 387584K, 0% used [0x00000000e0000000,0x00000000e0000000,0x00000000f7a80000)
  from space 65536K, 0% used [0x00000000f7a80000,0x00000000f7a80000,0x00000000fba80000)
  to   space 65536K, 0% used [0x00000000fc000000,0x00000000fc000000,0x0000000100000000)
 ParOldGen       total 216064K, used 54045K [0x00000000a0000000, 0x00000000ad300000, 0x00000000e0000000)
  object space 216064K, 25% used [0x00000000a0000000,0x00000000a34c75d0,0x00000000ad300000)
 Metaspace       used 71877K, capacity 74502K, committed 74672K, reserved 1114112K
  class space    used 9240K, capacity 9802K, committed 9904K, reserved 1048576K
}

